<?xml version="1.0" encoding="UTF-8"?>
<testng-results skipped="0" failed="0" total="1" passed="1">
  <reporter-output>
  </reporter-output>
  <suite name="Default suite" duration-ms="93956" started-at="2020-08-29T17:04:12Z" finished-at="2020-08-29T17:05:46Z">
    <groups>
    </groups>
    <test name="Default test" duration-ms="93956" started-at="2020-08-29T17:04:12Z" finished-at="2020-08-29T17:05:46Z">
      <class name="undostres.Recharge">
        <test-method status="PASS" signature="recharge()[pri:0, instance:undostres.Recharge@3c5a99da]" name="recharge" duration-ms="93905" started-at="2020-08-29T22:34:12Z" finished-at="2020-08-29T22:35:46Z">
          <reporter-output>
          </reporter-output>
        </test-method> <!-- recharge -->
      </class> <!-- undostres.Recharge -->
    </test> <!-- Default test -->
  </suite> <!-- Default suite -->
</testng-results>
